#
# There is insufficient memory for the Java Runtime Environment to continue.
# Native memory allocation (malloc) failed to allocate 1540816 bytes for Chunk::new
# Possible reasons:
#   The system is out of physical RAM or swap space
#   In 32 bit mode, the process size limit was hit
# Possible solutions:
#   Reduce memory load on the system
#   Increase physical memory or swap space
#   Check if swap backing store is full
#   Use 64 bit Java on a 64 bit OS
#   Decrease Java heap size (-Xmx/-Xms)
#   Decrease number of Java threads
#   Decrease Java thread stack sizes (-Xss)
#   Set larger code cache with -XX:ReservedCodeCacheSize=
# This output file may be truncated or incomplete.
#
#  Out of Memory Error (allocation.cpp:390), pid=5128, tid=0x000000000000d430
#
# JRE version: OpenJDK Runtime Environment (8.0_152-b01) (build 1.8.0_152-release-1343-b01)
# Java VM: OpenJDK 64-Bit Server VM (25.152-b01 mixed mode windows-amd64 compressed oops)
# Failed to write core dump. Minidumps are not enabled by default on client versions of Windows
#

---------------  T H R E A D  ---------------

Current thread (0x0000000016099800):  JavaThread "C2 CompilerThread0" daemon [_thread_in_native, id=54320, stack(0x0000000017710000,0x0000000017810000)]

Stack: [0x0000000017710000,0x0000000017810000]
[error occurred during error reporting (printing stack bounds), id 0xc0000005]

Native frames: (J=compiled Java code, j=interpreted, Vv=VM code, C=native code)


Current CompileTask:
C2:6557150 25777       4       com.android.tools.r8.ir.regalloc.LinearScanRegisterAllocator::allocateSingleInterval (841 bytes)


---------------  P R O C E S S  ---------------

Java Threads: ( => current thread )
  0x000000001850c000 JavaThread "ForkJoinPool.commonPool-worker-3" daemon [_thread_in_Java, id=44088, stack(0x0000000029120000,0x0000000029220000)]
  0x0000000018508000 JavaThread "ForkJoinPool.commonPool-worker-2" daemon [_thread_in_native, id=33312, stack(0x0000000028820000,0x0000000028920000)]
  0x000000001850b000 JavaThread "ForkJoinPool.commonPool-worker-1" daemon [_thread_in_native, id=56628, stack(0x0000000028720000,0x0000000028820000)]
  0x0000000018503800 JavaThread "stdout" daemon [_thread_in_native, id=54292, stack(0x0000000029470000,0x0000000029570000)]
  0x0000000018507800 JavaThread "stderr" daemon [_thread_in_native, id=3660, stack(0x0000000029370000,0x0000000029470000)]
  0x000000001850a800 JavaThread "pool-20-thread-1" [_thread_blocked, id=30924, stack(0x0000000029270000,0x0000000029370000)]
  0x0000000018504800 JavaThread "Cache worker for Java compile cache (C:\0A-TRABAJO\Proyecto_Kurma_ID\BarCodeRead\.gradle\5.1.1\javaCompile)" [_thread_blocked, id=44384, stack(0x0000000028e20000,0x0000000028f20000)]
  0x00000000184fd000 JavaThread "Cache worker for execution history cache (C:\0A-TRABAJO\Proyecto_Kurma_ID\BarCodeRead\.gradle\5.1.1\executionHistory)" [_thread_blocked, id=12992, stack(0x0000000028620000,0x0000000028720000)]
  0x0000000018501800 JavaThread "Execution worker for ':' Thread 3" [_thread_blocked, id=47924, stack(0x0000000028520000,0x0000000028620000)]
  0x00000000184fd800 JavaThread "Execution worker for ':' Thread 2" [_thread_blocked, id=22776, stack(0x0000000028320000,0x0000000028420000)]
  0x0000000019d25800 JavaThread "Execution worker for ':'" [_thread_blocked, id=15284, stack(0x00000000271c0000,0x00000000272c0000)]
  0x0000000019d24800 JavaThread "Cache worker for file content cache (C:\0A-TRABAJO\Proyecto_Kurma_ID\BarCodeRead\.gradle\5.1.1\fileContent)" [_thread_blocked, id=22792, stack(0x0000000026ec0000,0x0000000026fc0000)]
  0x0000000019d24000 JavaThread "Cache worker for Build Output Cleanup Cache (C:\0A-TRABAJO\Proyecto_Kurma_ID\BarCodeRead\.gradle\buildOutputCleanup)" [_thread_blocked, id=2680, stack(0x0000000026ac0000,0x0000000026bc0000)]
  0x0000000019d1c800 JavaThread "Build operations Thread 4" [_thread_blocked, id=48132, stack(0x00000000269c0000,0x0000000026ac0000)]
  0x0000000019d23000 JavaThread "Build operations Thread 3" [_thread_blocked, id=16948, stack(0x0000000023d30000,0x0000000023e30000)]
  0x0000000019d1b800 JavaThread "Build operations Thread 2" [_thread_blocked, id=12632, stack(0x0000000023390000,0x0000000023490000)]
  0x0000000019d22800 JavaThread "Build operations" [_thread_blocked, id=52300, stack(0x0000000022980000,0x0000000022a80000)]
  0x0000000019d21800 JavaThread "Cache worker for cache directory md-rule (C:\Users\juantopx\.gradle\caches\5.1.1\md-rule)" [_thread_blocked, id=48644, stack(0x0000000022280000,0x0000000022380000)]
  0x0000000019d21000 JavaThread "Cache worker for cache directory md-supplier (C:\Users\juantopx\.gradle\caches\5.1.1\md-supplier)" [_thread_blocked, id=49600, stack(0x0000000022180000,0x0000000022280000)]
  0x0000000019d1a000 JavaThread "Cache worker for file hash cache (C:\0A-TRABAJO\Proyecto_Kurma_ID\BarCodeRead\.gradle\5.1.1\fileHashes)" [_thread_blocked, id=34140, stack(0x00000000205e0000,0x00000000206e0000)]
  0x0000000019d20000 JavaThread "Thread-185" [_thread_blocked, id=29684, stack(0x000000001f800000,0x000000001f900000)]
  0x0000000019d18800 JavaThread "Stdin handler" [_thread_blocked, id=32976, stack(0x000000001e700000,0x000000001e800000)]
  0x0000000019d1b000 JavaThread "Asynchronous log dispatcher for DefaultDaemonConnection: socket connection from /127.0.0.1:60013 to /127.0.0.1:61093" [_thread_blocked, id=7580, stack(0x000000001de00000,0x000000001df00000)]
  0x0000000019d1f800 JavaThread "Daemon worker Thread 7" [_thread_blocked, id=49148, stack(0x000000001b860000,0x000000001b960000)]
  0x0000000019d1d000 JavaThread "Cancel handler" [_thread_blocked, id=43928, stack(0x000000001b760000,0x000000001b860000)]
  0x0000000019d1e000 JavaThread "Handler for socket connection from /127.0.0.1:60013 to /127.0.0.1:61093" [_thread_in_native, id=19128, stack(0x000000001b460000,0x000000001b560000)]
  0x0000000019d16000 JavaThread "Daemon Thread 7" [_thread_blocked, id=46752, stack(0x0000000000a00000,0x0000000000b00000)]
  0x0000000019d1e800 JavaThread "Cache worker for Java compile cache (C:\Users\juantopx\.gradle\caches\5.1.1\javaCompile)" [_thread_blocked, id=21980, stack(0x0000000028420000,0x0000000028520000)]
  0x0000000018454800 JavaThread "MarlinRenderer Disposer" daemon [_thread_blocked, id=34508, stack(0x0000000028d20000,0x0000000028e20000)]
  0x0000000018451800 JavaThread "Java2D Disposer" daemon [_thread_blocked, id=14128, stack(0x0000000028b20000,0x0000000028c20000)]
  0x0000000018500800 JavaThread "Cache worker for file content cache (C:\Users\juantopx\.gradle\caches\5.1.1\fileContent)" [_thread_blocked, id=55432, stack(0x0000000026dc0000,0x0000000026ec0000)]
  0x0000000018dab000 JavaThread "Memory manager" [_thread_blocked, id=45164, stack(0x0000000022a80000,0x0000000022b80000)]
  0x0000000018453800 JavaThread "Cache worker for execution history cache (C:\Users\juantopx\.gradle\caches\5.1.1\executionHistory)" [_thread_blocked, id=16300, stack(0x000000001fbe0000,0x000000001fce0000)]
  0x000000001844e800 JavaThread "Cache worker for journal cache (C:\Users\juantopx\.gradle\caches\journal-1)" [_thread_blocked, id=27868, stack(0x000000001bb60000,0x000000001bc60000)]
  0x00000000187fe800 JavaThread "File lock request listener" [_thread_in_native, id=6632, stack(0x000000001ba60000,0x000000001bb60000)]
  0x0000000018e5c800 JavaThread "Cache worker for file hash cache (C:\Users\juantopx\.gradle\caches\5.1.1\fileHashes)" [_thread_blocked, id=16432, stack(0x000000001b960000,0x000000001ba60000)]
  0x000000001827e000 JavaThread "Daemon periodic checks" [_thread_blocked, id=37680, stack(0x000000001af60000,0x000000001b060000)]
  0x0000000019215000 JavaThread "Incoming local TCP Connector on port 60013" [_thread_in_native, id=37212, stack(0x000000001acf0000,0x000000001adf0000)]
  0x0000000017a40800 JavaThread "Service Thread" daemon [_thread_blocked, id=8776, stack(0x0000000017e10000,0x0000000017f10000)]
  0x00000000160b3000 JavaThread "C1 CompilerThread2" daemon [_thread_blocked, id=37432, stack(0x0000000017910000,0x0000000017a10000)]
  0x000000001609d800 JavaThread "C2 CompilerThread1" daemon [_thread_in_native, id=33216, stack(0x0000000017810000,0x0000000017910000)]
=>0x0000000016099800 JavaThread "C2 CompilerThread0" daemon [_thread_in_native, id=54320, stack(0x0000000017710000,0x0000000017810000)]
  0x00000000160a8000 JavaThread "Attach Listener" daemon [_thread_blocked, id=1048, stack(0x0000000017610000,0x0000000017710000)]
  0x00000000160a6800 JavaThread "Signal Dispatcher" daemon [_thread_blocked, id=46884, stack(0x0000000017510000,0x0000000017610000)]
  0x000000000272c000 JavaThread "Finalizer" daemon [_thread_blocked, id=1320, stack(0x00000000172f0000,0x00000000173f0000)]
  0x0000000002720800 JavaThread "Reference Handler" daemon [_thread_blocked, id=21908, stack(0x00000000171f0000,0x00000000172f0000)]
  0x000000000262e800 JavaThread "main" [_thread_blocked, id=14028, stack(0x0000000002430000,0x0000000002530000)]

Other Threads:
  0x0000000016066000 VMThread [stack: 0x00000000170f0000,0x00000000171f0000] [id=47204]
  0x00000000160fe000 WatcherThread [stack: 0x0000000017f10000,0x0000000018010000] [id=21512]

VM state:not at safepoint (normal execution)

VM Mutex/Monitor currently owned by a thread: None

Heap:
 PSYoungGen      total 401408K, used 107163K [0x00000000e0000000, 0x00000000fda80000, 0x0000000100000000)
  eden space 355840K, 20% used [0x00000000e0000000,0x00000000e477d200,0x00000000f5b80000)
  from space 45568K, 74% used [0x00000000fae00000,0x00000000fcf29bb0,0x00000000fda80000)
  to   space 45056K, 0% used [0x00000000f5b80000,0x00000000f5b80000,0x00000000f8780000)
 ParOldGen       total 178688K, used 67126K [0x00000000a0000000, 0x00000000aae80000, 0x00000000e0000000)
  object space 178688K, 37% used [0x00000000a0000000,0x00000000a418db70,0x00000000aae80000)
 Metaspace       used 131176K, capacity 138064K, committed 138240K, reserved 1169408K
  class space    used 16343K, capacity 17567K, committed 17664K, reserved 1048576K

Card table byte_map: [0x0000000011af0000,0x0000000011e00000] byte_map_base: 0x00000000115f0000

Marking Bits: (ParMarkBitMap*) 0x0000000060305aa0
 Begin Bits: [0x0000000012400000, 0x0000000013c00000)
 End Bits:   [0x0000000013c00000, 0x0000000015400000)

Polling page: 0x00000000006d0000

CodeCache: size=245760Kb used=73844Kb max_used=74280Kb free=171915Kb
 bounds [0x0000000002730000, 0x0000000007020000, 0x0000000011730000]
 total_blobs=22742 nmethods=21694 adapters=957
 compilation: enabled

Compilation events (10 events):
Event: 6557.111 Thread 0x00000000160b3000 26644       2       com.android.tools.r8.code.Sget::collectIndexedItems (8 bytes)
Event: 6557.112 Thread 0x00000000160b3000 nmethod 26644 0x0000000003c05310 code [0x0000000003c05480, 0x0000000003c05608]
Event: 6557.112 Thread 0x00000000160b3000 26645       2       com.android.tools.r8.code.Format23x::collectIndexedItems (1 bytes)
Event: 6557.112 Thread 0x00000000160b3000 nmethod 26645 0x0000000003c04fd0 code [0x0000000003c05120, 0x0000000003c05270]
Event: 6557.113 Thread 0x00000000160b3000 26646       2       com.android.tools.r8.dex.VirtualFile$IndexedItemTransaction::commitItemsIn (19 bytes)
Event: 6557.114 Thread 0x00000000160b3000 nmethod 26646 0x0000000003c04b10 code [0x0000000003c04c80, 0x0000000003c04e98]
Event: 6557.116 Thread 0x00000000160b3000 26647 %     3       java.util.stream.SortedOps$SizedRefSortingSink::end @ 39 (129 bytes)
Event: 6557.117 Thread 0x00000000160b3000 nmethod 26647% 0x0000000003c03d50 code [0x0000000003c03f40, 0x0000000003c04798]
Event: 6557.117 Thread 0x00000000160b3000 26648       3       java.util.stream.SortedOps$SizedRefSortingSink::end (129 bytes)
Event: 6557.118 Thread 0x00000000160b3000 nmethod 26648 0x0000000005cd1d90 code [0x0000000005cd1f80, 0x0000000005cd2778]

GC Heap History (10 events):
Event: 4034.554 GC heap before
{Heap before GC invocations=28 (full 4):
 PSYoungGen      total 311808K, used 286456K [0x00000000e0000000, 0x00000000f8e00000, 0x0000000100000000)
  eden space 265728K, 100% used [0x00000000e0000000,0x00000000f0380000,0x00000000f0380000)
  from space 46080K, 44% used [0x00000000f0380000,0x00000000f17be230,0x00000000f3080000)
  to   space 44032K, 0% used [0x00000000f6300000,0x00000000f6300000,0x00000000f8e00000)
 ParOldGen       total 178688K, used 67078K [0x00000000a0000000, 0x00000000aae80000, 0x00000000e0000000)
  object space 178688K, 37% used [0x00000000a0000000,0x00000000a4181b70,0x00000000aae80000)
 Metaspace       used 103308K, capacity 108416K, committed 108800K, reserved 1144832K
  class space    used 13213K, capacity 14188K, committed 14336K, reserved 1048576K
Event: 4034.615 GC heap after
Heap after GC invocations=28 (full 4):
 PSYoungGen      total 358912K, used 39765K [0x00000000e0000000, 0x00000000f9a00000, 0x0000000100000000)
  eden space 314880K, 0% used [0x00000000e0000000,0x00000000e0000000,0x00000000f3380000)
  from space 44032K, 90% used [0x00000000f6300000,0x00000000f89d5468,0x00000000f8e00000)
  to   space 48640K, 0% used [0x00000000f3380000,0x00000000f3380000,0x00000000f6300000)
 ParOldGen       total 178688K, used 67086K [0x00000000a0000000, 0x00000000aae80000, 0x00000000e0000000)
  object space 178688K, 37% used [0x00000000a0000000,0x00000000a4183b70,0x00000000aae80000)
 Metaspace       used 103308K, capacity 108416K, committed 108800K, reserved 1144832K
  class space    used 13213K, capacity 14188K, committed 14336K, reserved 1048576K
}
Event: 5625.017 GC heap before
{Heap before GC invocations=29 (full 4):
 PSYoungGen      total 358912K, used 354645K [0x00000000e0000000, 0x00000000f9a00000, 0x0000000100000000)
  eden space 314880K, 100% used [0x00000000e0000000,0x00000000f3380000,0x00000000f3380000)
  from space 44032K, 90% used [0x00000000f6300000,0x00000000f89d5468,0x00000000f8e00000)
  to   space 48640K, 0% used [0x00000000f3380000,0x00000000f3380000,0x00000000f6300000)
 ParOldGen       total 178688K, used 67086K [0x00000000a0000000, 0x00000000aae80000, 0x00000000e0000000)
  object space 178688K, 37% used [0x00000000a0000000,0x00000000a4183b70,0x00000000aae80000)
 Metaspace       used 108808K, capacity 114414K, committed 114560K, reserved 1148928K
  class space    used 13740K, capacity 14830K, committed 14976K, reserved 1048576K
Event: 5625.061 GC heap after
Heap after GC invocations=29 (full 4):
 PSYoungGen      total 363520K, used 24414K [0x00000000e0000000, 0x00000000fba00000, 0x0000000100000000)
  eden space 314880K, 0% used [0x00000000e0000000,0x00000000e0000000,0x00000000f3380000)
  from space 48640K, 50% used [0x00000000f3380000,0x00000000f4b57850,0x00000000f6300000)
  to   space 47104K, 0% used [0x00000000f8c00000,0x00000000f8c00000,0x00000000fba00000)
 ParOldGen       total 178688K, used 67094K [0x00000000a0000000, 0x00000000aae80000, 0x00000000e0000000)
  object space 178688K, 37% used [0x00000000a0000000,0x00000000a4185b70,0x00000000aae80000)
 Metaspace       used 108808K, capacity 114414K, committed 114560K, reserved 1148928K
  class space    used 13740K, capacity 14830K, committed 14976K, reserved 1048576K
}
Event: 5635.336 GC heap before
{Heap before GC invocations=30 (full 4):
 PSYoungGen      total 363520K, used 339294K [0x00000000e0000000, 0x00000000fba00000, 0x0000000100000000)
  eden space 314880K, 100% used [0x00000000e0000000,0x00000000f3380000,0x00000000f3380000)
  from space 48640K, 50% used [0x00000000f3380000,0x00000000f4b57850,0x00000000f6300000)
  to   space 47104K, 0% used [0x00000000f8c00000,0x00000000f8c00000,0x00000000fba00000)
 ParOldGen       total 178688K, used 67094K [0x00000000a0000000, 0x00000000aae80000, 0x00000000e0000000)
  object space 178688K, 37% used [0x00000000a0000000,0x00000000a4185b70,0x00000000aae80000)
 Metaspace       used 112405K, capacity 118036K, committed 118528K, reserved 1153024K
  class space    used 14090K, capacity 15195K, committed 15360K, reserved 1048576K
Event: 5635.394 GC heap after
Heap after GC invocations=30 (full 4):
 PSYoungGen      total 396288K, used 19347K [0x00000000e0000000, 0x00000000fb380000, 0x0000000100000000)
  eden space 355840K, 0% used [0x00000000e0000000,0x00000000e0000000,0x00000000f5b80000)
  from space 40448K, 47% used [0x00000000f8c00000,0x00000000f9ee4c20,0x00000000fb380000)
  to   space 45056K, 0% used [0x00000000f5b80000,0x00000000f5b80000,0x00000000f8780000)
 ParOldGen       total 178688K, used 67102K [0x00000000a0000000, 0x00000000aae80000, 0x00000000e0000000)
  object space 178688K, 37% used [0x00000000a0000000,0x00000000a4187b70,0x00000000aae80000)
 Metaspace       used 112405K, capacity 118036K, committed 118528K, reserved 1153024K
  class space    used 14090K, capacity 15195K, committed 15360K, reserved 1048576K
}
Event: 6550.149 GC heap before
{Heap before GC invocations=31 (full 4):
 PSYoungGen      total 396288K, used 375187K [0x00000000e0000000, 0x00000000fb380000, 0x0000000100000000)
  eden space 355840K, 100% used [0x00000000e0000000,0x00000000f5b80000,0x00000000f5b80000)
  from space 40448K, 47% used [0x00000000f8c00000,0x00000000f9ee4c20,0x00000000fb380000)
  to   space 45056K, 0% used [0x00000000f5b80000,0x00000000f5b80000,0x00000000f8780000)
 ParOldGen       total 178688K, used 67102K [0x00000000a0000000, 0x00000000aae80000, 0x00000000e0000000)
  object space 178688K, 37% used [0x00000000a0000000,0x00000000a4187b70,0x00000000aae80000)
 Metaspace       used 120728K, capacity 126716K, committed 126976K, reserved 1159168K
  class space    used 15108K, capacity 16221K, committed 16384K, reserved 1048576K
Event: 6550.218 GC heap after
Heap after GC invocations=31 (full 4):
 PSYoungGen      total 400896K, used 29564K [0x00000000e0000000, 0x00000000fda80000, 0x0000000100000000)
  eden space 355840K, 0% used [0x00000000e0000000,0x00000000e0000000,0x00000000f5b80000)
  from space 45056K, 65% used [0x00000000f5b80000,0x00000000f785f310,0x00000000f8780000)
  to   space 45568K, 0% used [0x00000000fae00000,0x00000000fae00000,0x00000000fda80000)
 ParOldGen       total 178688K, used 67110K [0x00000000a0000000, 0x00000000aae80000, 0x00000000e0000000)
  object space 178688K, 37% used [0x00000000a0000000,0x00000000a4189b70,0x00000000aae80000)
 Metaspace       used 120728K, capacity 126716K, committed 126976K, reserved 1159168K
  class space    used 15108K, capacity 16221K, committed 16384K, reserved 1048576K
}
Event: 6556.574 GC heap before
{Heap before GC invocations=32 (full 4):
 PSYoungGen      total 400896K, used 385404K [0x00000000e0000000, 0x00000000fda80000, 0x0000000100000000)
  eden space 355840K, 100% used [0x00000000e0000000,0x00000000f5b80000,0x00000000f5b80000)
  from space 45056K, 65% used [0x00000000f5b80000,0x00000000f785f310,0x00000000f8780000)
  to   space 45568K, 0% used [0x00000000fae00000,0x00000000fae00000,0x00000000fda80000)
 ParOldGen       total 178688K, used 67110K [0x00000000a0000000, 0x00000000aae80000, 0x00000000e0000000)
  object space 178688K, 37% used [0x00000000a0000000,0x00000000a4189b70,0x00000000aae80000)
 Metaspace       used 131071K, capacity 137984K, committed 138240K, reserved 1169408K
  class space    used 16338K, capacity 17567K, committed 17664K, reserved 1048576K
Event: 6556.644 GC heap after
Heap after GC invocations=32 (full 4):
 PSYoungGen      total 401408K, used 33958K [0x00000000e0000000, 0x00000000fda80000, 0x0000000100000000)
  eden space 355840K, 0% used [0x00000000e0000000,0x00000000e0000000,0x00000000f5b80000)
  from space 45568K, 74% used [0x00000000fae00000,0x00000000fcf29bb0,0x00000000fda80000)
  to   space 45056K, 0% used [0x00000000f5b80000,0x00000000f5b80000,0x00000000f8780000)
 ParOldGen       total 178688K, used 67126K [0x00000000a0000000, 0x00000000aae80000, 0x00000000e0000000)
  object space 178688K, 37% used [0x00000000a0000000,0x00000000a418db70,0x00000000aae80000)
 Metaspace       used 131071K, capacity 137984K, committed 138240K, reserved 1169408K
  class space    used 16338K, capacity 17567K, committed 17664K, reserved 1048576K
}

Deoptimization events (10 events):
Event: 6556.129 Thread 0x000000001850b000 Uncommon trap: reason=unstable_if action=reinterpret pc=0x0000000006e92060 method=com.android.tools.r8.ir.analysis.constant.SparseConditionalConstantPropagation.visitInstruction(Lcom/android/tools/r8/ir/code/Instruction;)V @ 11
Event: 6556.144 Thread 0x000000001850b000 Uncommon trap: reason=class_check action=maybe_recompile pc=0x0000000006f1b200 method=com.android.tools.r8.ir.optimize.MoveEliminator.shouldBeEliminated(Lcom/android/tools/r8/ir/code/Instruction;)Z @ 83
Event: 6556.144 Thread 0x000000001850b000 Uncommon trap: reason=class_check action=maybe_recompile pc=0x0000000006f1b200 method=com.android.tools.r8.ir.optimize.MoveEliminator.shouldBeEliminated(Lcom/android/tools/r8/ir/code/Instruction;)Z @ 83
Event: 6556.145 Thread 0x000000001850b000 Uncommon trap: reason=class_check action=maybe_recompile pc=0x0000000006f1b200 method=com.android.tools.r8.ir.optimize.MoveEliminator.shouldBeEliminated(Lcom/android/tools/r8/ir/code/Instruction;)Z @ 83
Event: 6556.145 Thread 0x000000001850b000 Uncommon trap: reason=class_check action=maybe_recompile pc=0x0000000006f1b200 method=com.android.tools.r8.ir.optimize.MoveEliminator.shouldBeEliminated(Lcom/android/tools/r8/ir/code/Instruction;)Z @ 83
Event: 6556.281 Thread 0x000000001850c000 Uncommon trap: reason=class_check action=maybe_recompile pc=0x0000000006facfc0 method=com.android.tools.r8.ir.conversion.IRBuilder.addDebugPosition(Lcom/android/tools/r8/ir/code/Position;)V @ 108
Event: 6556.653 Thread 0x000000001850c000 Uncommon trap: reason=bimorphic action=maybe_recompile pc=0x000000000599b1c0 method=java.util.AbstractMap.hashCode()I @ 3
Event: 6556.756 Thread 0x000000001850b000 Uncommon trap: reason=unstable_if action=reinterpret pc=0x0000000006c2b080 method=com.android.tools.r8.ir.conversion.JarState$Slot.isReferenceCompatible(Lcom/android/tools/r8/org/objectweb/asm/Type;Lcom/android/tools/r8/org/objectweb/asm/Type;)Z @ 95
Event: 6556.756 Thread 0x000000001850b000 Uncommon trap: reason=unstable_if action=reinterpret pc=0x0000000006d12b7c method=com.android.tools.r8.ir.conversion.JarState$Slot.isReferenceCompatible(Lcom/android/tools/r8/org/objectweb/asm/Type;Lcom/android/tools/r8/org/objectweb/asm/Type;)Z @ 95
Event: 6556.839 Thread 0x000000001850b000 Uncommon trap: reason=unstable_if action=reinterpret pc=0x000000000373ca84 method=java.util.ArrayList.remove(Ljava/lang/Object;)Z @ 46

Classes redefined (0 events):
No events

Internal exceptions (10 events):
Event: 6553.119 Thread 0x0000000019d1f800 Exception <a 'sun/nio/fs/WindowsException'> (0x00000000e3727ae0) thrown at [D:\src\AOSP-openjdk-cygwin\jdk8u\hotspot\src\share\vm\prims\jni.cpp, line 709]
Event: 6553.157 Thread 0x0000000019d1f800 Exception <a 'sun/nio/fs/WindowsException'> (0x00000000e3dacb60) thrown at [D:\src\AOSP-openjdk-cygwin\jdk8u\hotspot\src\share\vm\prims\jni.cpp, line 709]
Event: 6553.157 Thread 0x0000000019d1f800 Exception <a 'sun/nio/fs/WindowsException'> (0x00000000e3dadc80) thrown at [D:\src\AOSP-openjdk-cygwin\jdk8u\hotspot\src\share\vm\prims\jni.cpp, line 709]
Event: 6553.157 Thread 0x0000000019d1f800 Exception <a 'sun/nio/fs/WindowsException'> (0x00000000e3db02e8) thrown at [D:\src\AOSP-openjdk-cygwin\jdk8u\hotspot\src\share\vm\prims\jni.cpp, line 709]
Event: 6553.172 Thread 0x0000000019d1f800 Exception <a 'sun/nio/fs/WindowsException'> (0x00000000e3dea560) thrown at [D:\src\AOSP-openjdk-cygwin\jdk8u\hotspot\src\share\vm\prims\jni.cpp, line 709]
Event: 6553.172 Thread 0x0000000019d1f800 Exception <a 'sun/nio/fs/WindowsException'> (0x00000000e3deb680) thrown at [D:\src\AOSP-openjdk-cygwin\jdk8u\hotspot\src\share\vm\prims\jni.cpp, line 709]
Event: 6553.173 Thread 0x0000000019d1f800 Exception <a 'sun/nio/fs/WindowsException'> (0x00000000e3dedce8) thrown at [D:\src\AOSP-openjdk-cygwin\jdk8u\hotspot\src\share\vm\prims\jni.cpp, line 709]
Event: 6553.184 Thread 0x0000000019d1f800 Exception <a 'sun/nio/fs/WindowsException'> (0x00000000e3e3ef20) thrown at [D:\src\AOSP-openjdk-cygwin\jdk8u\hotspot\src\share\vm\prims\jni.cpp, line 709]
Event: 6553.184 Thread 0x0000000019d1f800 Exception <a 'sun/nio/fs/WindowsException'> (0x00000000e3e40040) thrown at [D:\src\AOSP-openjdk-cygwin\jdk8u\hotspot\src\share\vm\prims\jni.cpp, line 709]
Event: 6553.184 Thread 0x0000000019d1f800 Exception <a 'sun/nio/fs/WindowsException'> (0x00000000e3e426a8) thrown at [D:\src\AOSP-openjdk-cygwin\jdk8u\hotspot\src\share\vm\prims\jni.cpp, line 709]

Events (10 events):
Event: 6557.023 loading class com/android/tools/r8/code/UshrIntLit8
Event: 6557.023 loading class com/android/tools/r8/code/UshrIntLit8 done
Event: 6557.024 loading class com/android/tools/r8/code/UshrLong2Addr
Event: 6557.024 loading class com/android/tools/r8/code/UshrLong2Addr done
Event: 6557.024 loading class com/android/tools/r8/code/UshrLong
Event: 6557.024 loading class com/android/tools/r8/code/UshrLong done
Event: 6557.025 Thread 0x000000001850b000 DEOPT PACKING pc=0x0000000006f3339a sp=0x000000002881e600
Event: 6557.026 Thread 0x000000001850b000 DEOPT UNPACKING pc=0x00000000027775d0 sp=0x000000002881e378 mode 0
Event: 6557.118 Thread 0x0000000018508000 DEOPT PACKING pc=0x0000000006f058da sp=0x000000002891e4c0
Event: 6557.118 Thread 0x0000000018508000 DEOPT UNPACKING pc=0x00000000027775d0 sp=0x000000002891e1f0 mode 0


Dynamic libraries:
0x00007ff6578f0000 - 0x00007ff657921000 	C:\Program Files\Android\Android Studio\jre\bin\java.exe
0x00007ff9dc940000 - 0x00007ff9dcb30000 	C:\WINDOWS\SYSTEM32\ntdll.dll
0x00007ff9db9e0000 - 0x00007ff9dba92000 	C:\WINDOWS\System32\KERNEL32.DLL
0x00007ff9da200000 - 0x00007ff9da4a4000 	C:\WINDOWS\System32\KERNELBASE.dll
0x00007ff9dc470000 - 0x00007ff9dc513000 	C:\WINDOWS\System32\ADVAPI32.dll
0x00007ff9dbf10000 - 0x00007ff9dbfae000 	C:\WINDOWS\System32\msvcrt.dll
0x00007ff9dc1d0000 - 0x00007ff9dc267000 	C:\WINDOWS\System32\sechost.dll
0x00007ff9daaf0000 - 0x00007ff9dac10000 	C:\WINDOWS\System32\RPCRT4.dll
0x00007ff9db360000 - 0x00007ff9db4f4000 	C:\WINDOWS\System32\USER32.dll
0x00007ff9da6b0000 - 0x00007ff9da6d1000 	C:\WINDOWS\System32\win32u.dll
0x00007ff9da9f0000 - 0x00007ff9daa16000 	C:\WINDOWS\System32\GDI32.dll
0x00007ff9da830000 - 0x00007ff9da9c4000 	C:\WINDOWS\System32\gdi32full.dll
0x00007ff9da610000 - 0x00007ff9da6ae000 	C:\WINDOWS\System32\msvcp_win.dll
0x00007ff9da0a0000 - 0x00007ff9da19a000 	C:\WINDOWS\System32\ucrtbase.dll
0x00007ff9c0f60000 - 0x00007ff9c11e4000 	C:\WINDOWS\WinSxS\amd64_microsoft.windows.common-controls_6595b64144ccf1df_6.0.18362.836_none_e6c4b943130f18ed\COMCTL32.dll
0x00007ff9db500000 - 0x00007ff9db836000 	C:\WINDOWS\System32\combase.dll
0x00007ff9da4e0000 - 0x00007ff9da560000 	C:\WINDOWS\System32\bcryptPrimitives.dll
0x00007ff9dc670000 - 0x00007ff9dc69e000 	C:\WINDOWS\System32\IMM32.DLL
0x000000005f520000 - 0x000000005f5f2000 	C:\Program Files\Android\Android Studio\jre\jre\bin\msvcr100.dll
0x000000005fb40000 - 0x0000000060381000 	C:\Program Files\Android\Android Studio\jre\jre\bin\server\jvm.dll
0x00007ff9dc440000 - 0x00007ff9dc448000 	C:\WINDOWS\System32\PSAPI.DLL
0x00007ff9c1810000 - 0x00007ff9c1819000 	C:\WINDOWS\SYSTEM32\WSOCK32.dll
0x00007ff9dc030000 - 0x00007ff9dc09f000 	C:\WINDOWS\System32\WS2_32.dll
0x00007ff9d3f60000 - 0x00007ff9d3f84000 	C:\WINDOWS\SYSTEM32\WINMM.dll
0x00007ff9d4570000 - 0x00007ff9d457a000 	C:\WINDOWS\SYSTEM32\VERSION.dll
0x00007ff9d3f30000 - 0x00007ff9d3f5d000 	C:\WINDOWS\SYSTEM32\WINMMBASE.dll
0x00007ff9d98d0000 - 0x00007ff9d991a000 	C:\WINDOWS\System32\cfgmgr32.dll
0x00007ff9d0830000 - 0x00007ff9d083f000 	C:\Program Files\Android\Android Studio\jre\jre\bin\verify.dll
0x00007ff9b8140000 - 0x00007ff9b8169000 	C:\Program Files\Android\Android Studio\jre\jre\bin\java.dll
0x00007ff9bc640000 - 0x00007ff9bc656000 	C:\Program Files\Android\Android Studio\jre\jre\bin\zip.dll
0x00007ff9dac10000 - 0x00007ff9db2f4000 	C:\WINDOWS\System32\SHELL32.dll
0x00007ff9dc850000 - 0x00007ff9dc8f9000 	C:\WINDOWS\System32\shcore.dll
0x00007ff9d9920000 - 0x00007ff9da09e000 	C:\WINDOWS\System32\windows.storage.dll
0x00007ff9d9880000 - 0x00007ff9d98a3000 	C:\WINDOWS\System32\profapi.dll
0x00007ff9d9810000 - 0x00007ff9d985a000 	C:\WINDOWS\System32\powrprof.dll
0x00007ff9d9800000 - 0x00007ff9d9810000 	C:\WINDOWS\System32\UMPDC.dll
0x00007ff9db300000 - 0x00007ff9db352000 	C:\WINDOWS\System32\shlwapi.dll
0x00007ff9d9860000 - 0x00007ff9d9871000 	C:\WINDOWS\System32\kernel.appcore.dll
0x00007ff9da9d0000 - 0x00007ff9da9e7000 	C:\WINDOWS\System32\cryptsp.dll
0x00007ff9b9640000 - 0x00007ff9b965a000 	C:\Program Files\Android\Android Studio\jre\jre\bin\net.dll
0x00007ff9d9010000 - 0x00007ff9d9077000 	C:\WINDOWS\system32\mswsock.dll
0x00007ff9b6150000 - 0x00007ff9b6161000 	C:\Program Files\Android\Android Studio\jre\jre\bin\nio.dll
0x00007ff9b5100000 - 0x00007ff9b511e000 	C:\Users\juantopx\.gradle\native\25\windows-amd64\native-platform.dll
0x00007ff9c26a0000 - 0x00007ff9c26ad000 	C:\Program Files\Android\Android Studio\jre\jre\bin\management.dll
0x00007ff9d8b80000 - 0x00007ff9d8bb3000 	C:\WINDOWS\system32\rsaenh.dll
0x00007ff9da4b0000 - 0x00007ff9da4d6000 	C:\WINDOWS\System32\bcrypt.dll
0x00007ff9d9720000 - 0x00007ff9d9745000 	C:\WINDOWS\SYSTEM32\USERENV.dll
0x00007ff9d91e0000 - 0x00007ff9d91ec000 	C:\WINDOWS\SYSTEM32\CRYPTBASE.dll
0x00007ff9d8d20000 - 0x00007ff9d8d5a000 	C:\WINDOWS\SYSTEM32\IPHLPAPI.DLL
0x00007ff9dc270000 - 0x00007ff9dc278000 	C:\WINDOWS\System32\NSI.dll
0x00007ff9cfc10000 - 0x00007ff9cfc26000 	C:\WINDOWS\SYSTEM32\dhcpcsvc6.DLL
0x00007ff9cf7a0000 - 0x00007ff9cf7bc000 	C:\WINDOWS\SYSTEM32\dhcpcsvc.DLL
0x00007ff9d8d60000 - 0x00007ff9d8e2b000 	C:\WINDOWS\SYSTEM32\DNSAPI.dll
0x00007ff9c2660000 - 0x00007ff9c2684000 	C:\Program Files\Android\Android Studio\jre\jre\bin\sunec.dll
0x00007ff9cd8e0000 - 0x00007ff9cd8ea000 	C:\Windows\System32\rasadhlp.dll
0x00007ff9cf470000 - 0x00007ff9cf4e7000 	C:\WINDOWS\System32\fwpuclnt.dll
0x00007ff9c25c0000 - 0x00007ff9c25cb000 	C:\Program Files\Android\Android Studio\jre\jre\bin\sunmscapi.dll
0x00007ff9da6e0000 - 0x00007ff9da829000 	C:\WINDOWS\System32\CRYPT32.dll
0x00007ff9d98b0000 - 0x00007ff9d98c2000 	C:\WINDOWS\System32\MSASN1.dll
0x00007ff9a29a0000 - 0x00007ff9a2b38000 	C:\Program Files\Android\Android Studio\jre\jre\bin\awt.dll
0x00007ff9dc5a0000 - 0x00007ff9dc664000 	C:\WINDOWS\System32\OLEAUT32.dll
0x00007ff9d7010000 - 0x00007ff9d75d0000 	C:\WINDOWS\SYSTEM32\d2d1.dll
0x00007ff9d6b30000 - 0x00007ff9d6bbf000 	C:\WINDOWS\SYSTEM32\apphelp.dll
0x00007ff9d7ae0000 - 0x00007ff9d7b0d000 	C:\WINDOWS\system32\DWMAPI.DLL
0x00007ff9d6f40000 - 0x00007ff9d6fd9000 	C:\WINDOWS\system32\uxtheme.dll

VM Arguments:
jvm_args: -Xmx1536m -Dfile.encoding=windows-1252 -Duser.country=PA -Duser.language=es -Duser.variant 
java_command: org.gradle.launcher.daemon.bootstrap.GradleDaemon 5.1.1
java_class_path (initial): C:\Users\juantopx\.gradle\wrapper\dists\gradle-5.1.1-all\97z1ksx6lirer3kbvdnh7jtjg\gradle-5.1.1\lib\gradle-launcher-5.1.1.jar
Launcher Type: SUN_STANDARD

Environment Variables:
PATH=C:\Program Files (x86)\Common Files\Oracle\Java\javapath;C:\Program Files (x86)\Intel\iCLS Client\;C:\Program Files\Intel\iCLS Client\;C:\WINDOWS\system32;C:\WINDOWS;C:\WINDOWS\System32\Wbem;C:\WINDOWS\System32\WindowsPowerShell\v1.0\;C:\Program Files (x86)\Intel\Intel(R) Management Engine Components\DAL;C:\Program Files\Intel\Intel(R) Management Engine Components\DAL;C:\Program Files (x86)\Intel\Intel(R) Management Engine Components\IPT;C:\Program Files\Intel\Intel(R) Management Engine Components\IPT;C:\Program Files (x86)\PuTTY\;C:\Program Files\nodejs\;C:\Program Files\Git\cmd;C:\WINDOWS\System32\OpenSSH\;C:\Program Files (x86)\Gpg4win\..\GnuPG\bin;C:\Users\juantopx\AppData\Local\Microsoft\WindowsApps;C:\Users\juantopx\AppData\Roaming\npm;C:\Users\juantopx\AppData\Local\atom\bin
USERNAME=juantopx
OS=Windows_NT
PROCESSOR_IDENTIFIER=Intel64 Family 6 Model 142 Stepping 9, GenuineIntel



---------------  S Y S T E M  ---------------

OS: Windows 10.0 , 64 bit Build 18362 (10.0.18362.778)

CPU:total 4 (initial active 4) (2 cores per cpu, 2 threads per core) family 6 model 142 stepping 9, cmov, cx8, fxsr, mmx, sse, sse2, sse3, ssse3, sse4.1, sse4.2, popcnt, avx, avx2, aes, clmul, erms, 3dnowpref, lzcnt, ht, tsc, tscinvbit, bmi1, bmi2, adx

Memory: 4k page, physical 8258212k(692312k free), swap 33424036k(5900k free)

vm_info: OpenJDK 64-Bit Server VM (25.152-b01) for windows-amd64 JRE (1.8.0_152-release-1343-b01), built by "builder" with MS VC++ 10.0 (VS2010)

time: Sat Jun 06 10:58:04 2020
elapsed time: 6557 seconds (0d 1h 49m 17s)

